<?xml version="1.0" encoding="UTF-8"?>
<!-- Generated by org.testng.reporters.JUnitReportReporter -->
<testsuite hostname="DESKTOP-FVEFBQR" failures="0" tests="1" name="TestCases.WebTableTesting" time="22.520" errors="0" timestamp="08 Sep 2021 08:36:29 GMT" skipped="0">
  <testcase classname="TestCases.WebTableTesting" name="fill" time="22.520"/>
</testsuite> <!-- TestCases.WebTableTesting -->
