<?xml version="1.0" encoding="UTF-8"?>
<!-- Generated by org.testng.reporters.JUnitReportReporter -->
<testsuite hostname="DESKTOP-FVEFBQR" failures="0" tests="1" name="TestCases.CheckBoxTesting" time="32.766" errors="0" timestamp="08 Sep 2021 08:34:10 GMT" skipped="0">
  <testcase classname="TestCases.CheckBoxTesting" name="tickall" time="32.766"/>
</testsuite> <!-- TestCases.CheckBoxTesting -->
