<?xml version="1.0" encoding="UTF-8"?>
<!-- Generated by org.testng.reporters.JUnitReportReporter -->
<testsuite hostname="DESKTOP-FVEFBQR" failures="0" tests="6" name="TestCases.Testcases" time="16.248" errors="0" timestamp="20 Sep 2021 05:21:54 GMT" skipped="0">
  <testcase classname="TestCases.Testcases" name="verifyTitle" time="0.022"/>
  <testcase classname="TestCases.Testcases" name="fillforms" time="4.493"/>
  <testcase classname="TestCases.Testcases" name="clickOnRadio" time="0.271"/>
  <testcase classname="TestCases.Testcases" name="tickall" time="0.824"/>
  <testcase classname="TestCases.Testcases" name="fill" time="9.821"/>
  <testcase classname="TestCases.Testcases" name="buttonsMethod" time="0.817"/>
</testsuite> <!-- TestCases.Testcases -->
