<?xml version="1.0" encoding="UTF-8"?>
<!-- Generated by org.testng.reporters.JUnitReportReporter -->
<testsuite hostname="DESKTOP-FVEFBQR" failures="0" tests="1" name="TestCases.RadioTesting" time="11.983" errors="0" timestamp="09 Sep 2021 12:40:58 GMT" skipped="0">
  <testcase classname="TestCases.RadioTesting" name="clickOnRadio" time="11.983"/>
</testsuite> <!-- TestCases.RadioTesting -->
